Log file open, 05/09/18 18:33:23
LogInit:Display: Running engine for game: Project16
LogPlatformFile: Not using cached read wrapper
LogInit:Display: RandInit(-1023336004) SRandInit(-1023336004).
LogTaskGraph: Started task graph with 5 named threads and 8 total threads with 1 sets of task threads.
LogStats: Stats thread started at 0.080272
LogInit: Using libcurl 7.47.1
LogInit:  - built for x86_64-pc-win32
LogInit:  - supports SSL with OpenSSL/1.0.2g
LogInit:  - supports HTTP deflate (compression) using libz 1.2.8
LogInit:  - other features:
LogInit:      CURL_VERSION_SSL
LogInit:      CURL_VERSION_LIBZ
LogInit:      CURL_VERSION_IPV6
LogInit:      CURL_VERSION_ASYNCHDNS
LogInit:      CURL_VERSION_LARGEFILE
LogInit:      CURL_VERSION_IDN
LogInit:  CurlRequestOptions (configurable via config and command line):
LogInit:  - bVerifyPeer = false  - Libcurl will NOT verify peer certificate
LogInit:  - bUseHttpProxy = false  - Libcurl will NOT use HTTP proxy
LogInit:  - bDontReuseConnections = false  - Libcurl will reuse connections
LogInit:  - CertBundlePath = nullptr  - Libcurl will use whatever was configured at build time.
LogInit: Build: ++UE4+Release-4.16-CL-3561208
LogInit: Engine Version: 4.16.3-3561208+++UE4+Release-4.16
LogInit: Compatible Engine Version: 4.16.0-3452394+++UE4+Release-4.16
LogInit: Net CL: 3452394
LogDevObjectVersion: Number of dev versions registered: 16
LogDevObjectVersion:   Dev-Blueprints (B0D832E4-1F89-4F0D-ACCF-7EB736FD4AA2): 9
LogDevObjectVersion:   Dev-Build (E1C64328-A22C-4D53-A36C-8E866417BD8C): 0
LogDevObjectVersion:   Dev-Core (375EC13C-06E4-48FB-B500-84F0262A717E): 2
LogDevObjectVersion:   Dev-Editor (E4B068ED-F494-42E9-A231-DA0B2E46BB41): 17
LogDevObjectVersion:   Dev-Framework (CFFC743F-43B0-4480-9391-14DF171D2073): 23
LogDevObjectVersion:   Dev-Mobile (B02B49B5-BB20-44E9-A304-32B752E40360): 0
LogDevObjectVersion:   Dev-Networking (A4E4105C-59A1-49B5-A7C5-40C4547EDFEE): 0
LogDevObjectVersion:   Dev-Online (39C831C9-5AE6-47DC-9A44-9C173E1C8E7C): 0
LogDevObjectVersion:   Dev-Physics (78F01B33-EBEA-4F98-B9B4-84EACCB95AA2): 0
LogDevObjectVersion:   Dev-Platform (6631380F-2D4D-43E0-8009-CF276956A95A): 0
LogDevObjectVersion:   Dev-Rendering (12F88B9F-8875-4AFC-A67C-D90C383ABD29): 15
LogDevObjectVersion:   Dev-Sequencer (7B5AE74C-D270-4C10-A958-57980B212A5A): 4
LogDevObjectVersion:   Dev-VR (D7296918-1DD6-4BDD-9DE2-64A83CC13884): 0
LogDevObjectVersion:   Dev-LoadTimes (C2A15278-BFE7-4AFE-6C17-90FF531DF755): 1
LogDevObjectVersion:   Private-Geometry (6EACA3D4-40EC-4CC1-B786-8BED09428FC5): 1
LogDevObjectVersion:   Dev-AnimPhys (29E575DD-E0A3-4627-9D10-D276232CDCEA): 3
LogInit: Compiled (64-bit): Jul 28 2017 11:49:47
LogInit: Compiled with Visual C++: 19.00.24215.01
LogInit: Build Configuration: Development
LogInit: Branch Name: ++UE4+Release-4.16
LogInit: Command line:  
LogInit: Base directory: C:/Program Files/Epic Games/UE_4.16/Engine/Binaries/Win64/
LogInit: Installed Engine Build: 1
LogInit: Presizing for max 8388607 objects, including 0 objects not considered by GC, pre-allocating 0 bytes for permanent pool.
LogInit: Object subsystem initialized
[2018.05.09-17.33.23:522][  0]LogInit: Selected Device Profile: [Windows]
[2018.05.09-17.33.23:522][  0]LogInit: Applying CVar settings loaded from the selected device profile: [Windows]
[2018.05.09-17.33.23:528][  0]LogInit: Computer: DESKTOP-P3QBLFC
[2018.05.09-17.33.23:528][  0]LogInit: User: sound
[2018.05.09-17.33.23:528][  0]LogInit: CPU Page size=4096, Cores=4
[2018.05.09-17.33.23:528][  0]LogInit: High frequency timer resolution =4.101561 MHz
[2018.05.09-17.33.23:528][  0]LogMemory: Memory total: Physical=16.0GB (16GB approx)
[2018.05.09-17.33.23:528][  0]LogMemory: Platform Memory Stats for Windows
[2018.05.09-17.33.23:528][  0]LogMemory: Process Physical Memory: 272.68 MB used, 272.68 MB peak
[2018.05.09-17.33.23:528][  0]LogMemory: Process Virtual Memory: 260.76 MB used, 260.76 MB peak
[2018.05.09-17.33.23:528][  0]LogMemory: Physical Memory: 5527.33 MB used,  10809.22 MB free, 16336.55 MB total
[2018.05.09-17.33.23:528][  0]LogMemory: Virtual Memory: 671.82 MB used,  10809.22 MB free, 134217728.00 MB total
[2018.05.09-17.33.23:585][  0]LogInit: Using OS detected language (en-GB).
[2018.05.09-17.33.23:585][  0]LogInit: Using OS detected locale (en-GB).
[2018.05.09-17.33.23:587][  0]LogTextLocalizationManager: No specific localization for 'en-GB' exists, so the 'en' localization will be used.
[2018.05.09-17.33.24:202][  0]LogD3D11RHI: D3D11 adapters:
[2018.05.09-17.33.24:243][  0]LogD3D11RHI:    0. 'NVIDIA GeForce GTX 1080' (Feature Level 11_0)
[2018.05.09-17.33.24:243][  0]LogD3D11RHI:       8086/0/8168 MB DedicatedVideo/DedicatedSystem/SharedSystem, Outputs:1, VendorId:0x10de
[2018.05.09-17.33.24:245][  0]LogD3D11RHI:    1. 'Microsoft Basic Render Driver' (Feature Level 11_0)
[2018.05.09-17.33.24:245][  0]LogD3D11RHI:       0/0/8168 MB DedicatedVideo/DedicatedSystem/SharedSystem, Outputs:0, VendorId:0x1414
[2018.05.09-17.33.24:245][  0]LogD3D11RHI: Chosen D3D11 Adapter: 0
[2018.05.09-17.33.24:248][  0]LogD3D11RHI: Creating new Direct3DDevice
[2018.05.09-17.33.24:249][  0]LogD3D11RHI:     GPU DeviceId: 0x1b80 (for the marketing name, search the web for "GPU Device Id")
[2018.05.09-17.33.24:249][  0]LogWindows: EnumDisplayDevices:
[2018.05.09-17.33.24:249][  0]LogWindows:    0. 'NVIDIA GeForce GTX 1080' (P:1 D:1)
[2018.05.09-17.33.24:249][  0]LogWindows:    1. 'NVIDIA GeForce GTX 1080' (P:0 D:0)
[2018.05.09-17.33.24:249][  0]LogWindows:    2. 'NVIDIA GeForce GTX 1080' (P:0 D:0)
[2018.05.09-17.33.24:249][  0]LogWindows:    3. 'NVIDIA GeForce GTX 1080' (P:0 D:0)
[2018.05.09-17.33.24:249][  0]LogWindows: DebugString: GetVideoDriverDetailsInvalid PrimaryIsNotTheChoosenAdapter GetVideoDriverDetailsInvalid PrimaryIsNotTheChoosenAdapter GetVideoDriverDetailsInvalid PrimaryIsNotTheChoosenAdapter GetVideoDriverDetailsInvalid PrimaryIsNotTheChoosenAdapter FoundDriverCount:0 
[2018.05.09-17.33.24:249][  0]LogD3D11RHI:     Adapter Name: NVIDIA GeForce GTX 1080
[2018.05.09-17.33.24:249][  0]LogD3D11RHI:   Driver Version: Unknown (internal:Unknown, unified:Unknown)
[2018.05.09-17.33.24:249][  0]LogD3D11RHI:      Driver Date: Unknown
[2018.05.09-17.33.24:249][  0]LogRHI: Texture pool is 1361 MB (70% of 1945 MB)
[2018.05.09-17.33.24:267][  0]LogD3D11RHI: Async texture creation enabled
[2018.05.09-17.33.24:282][  0]LogD3D11RHI: GPU Timing Frequency: 1000.000000 (Debug: 2 2)
[2018.05.09-17.33.24:329][  0]LogShaderCompilers: Guid format shader working directory is -19 characters bigger than the processId version (../../../../../../Users/sound/Documents/Unreal Projects/Project16/Intermediate/Shaders/WorkingDirectory/6960/).
[2018.05.09-17.33.24:329][  0]LogShaderCompilers: Cleaned the shader compiler working directory 'C:/Users/sound/AppData/Local/Temp/UnrealShaderWorkingDir/A78CAEF742365034D144A6B2D874F54D/'.
[2018.05.09-17.33.24:329][  0]LogShaderCompilers:Display: Using Local Shader Compiler.
[2018.05.09-17.33.25:030][  0]LogTemp:Display: Loaded TP AllDesktopTargetPlatform
[2018.05.09-17.33.25:070][  0]LogTemp:Display: Loaded TP MacClientTargetPlatform
[2018.05.09-17.33.25:109][  0]LogTemp:Display: Loaded TP MacNoEditorTargetPlatform
[2018.05.09-17.33.25:148][  0]LogTemp:Display: Loaded TP MacServerTargetPlatform
[2018.05.09-17.33.25:187][  0]LogTemp:Display: Loaded TP MacTargetPlatform
[2018.05.09-17.33.25:226][  0]LogTemp:Display: Loaded TP WindowsClientTargetPlatform
[2018.05.09-17.33.25:264][  0]LogTemp:Display: Loaded TP WindowsNoEditorTargetPlatform
[2018.05.09-17.33.25:302][  0]LogTemp:Display: Loaded TP WindowsServerTargetPlatform
[2018.05.09-17.33.25:337][  0]LogTemp:Display: Loaded TP WindowsTargetPlatform
[2018.05.09-17.33.25:374][  0]LogTemp:Display: Loaded TP AndroidTargetPlatform
[2018.05.09-17.33.25:412][  0]LogTemp:Display: Loaded TP Android_ASTCTargetPlatform
[2018.05.09-17.33.25:449][  0]LogTemp:Display: Loaded TP Android_ATCTargetPlatform
[2018.05.09-17.33.25:487][  0]LogTemp:Display: Loaded TP Android_DXTTargetPlatform
[2018.05.09-17.33.25:524][  0]LogTemp:Display: Loaded TP Android_ETC1TargetPlatform
[2018.05.09-17.33.25:566][  0]LogTemp:Display: Loaded TP Android_ETC2TargetPlatform
[2018.05.09-17.33.25:642][  0]LogTemp:Display: Loaded TP Android_MultiTargetPlatform
[2018.05.09-17.33.25:642][  0]LogTemp:Display: Loaded TP Android_PVRTCTargetPlatform
[2018.05.09-17.33.25:673][  0]LogTemp:Display: Loaded TP HTML5TargetPlatform
[2018.05.09-17.33.25:750][  0]LogTemp:Display: Loaded TP IOSTargetPlatform
[2018.05.09-17.33.25:772][  0]LogTemp:Display: Loaded TP TVOSTargetPlatform
[2018.05.09-17.33.25:810][  0]LogTemp:Display: Loaded TP LinuxClientTargetPlatform
[2018.05.09-17.33.25:848][  0]LogTemp:Display: Loaded TP LinuxNoEditorTargetPlatform
[2018.05.09-17.33.25:885][  0]LogTemp:Display: Loaded TP LinuxServerTargetPlatform
[2018.05.09-17.33.25:923][  0]LogTemp:Display: Loaded TP LinuxTargetPlatform
[2018.05.09-17.33.25:923][  0]LogTargetPlatformManager:Display: Building Assets For Windows
[2018.05.09-17.33.26:315][  0]LogDerivedDataCache:Display: Max Cache Size: 512 MB
[2018.05.09-17.33.26:373][  0]LogDerivedDataCache: Loaded boot cache 0.06s 90MB C:/Users/sound/AppData/Local/UnrealEngine/4.16/DerivedDataCache/Boot.ddc.
[2018.05.09-17.33.26:373][  0]LogDerivedDataCache:Display: Loaded Boot cache: C:/Users/sound/AppData/Local/UnrealEngine/4.16/DerivedDataCache/Boot.ddc
[2018.05.09-17.33.26:373][  0]LogDerivedDataCache: FDerivedDataBackendGraph:  Pak pak cache file ../../../../../../Users/sound/Documents/Unreal Projects/Project16/DerivedDataCache/DDC.ddp not found, will not use a pak cache.
[2018.05.09-17.33.26:373][  0]LogDerivedDataCache: Unable to find inner node Pak for hierarchical cache Hierarchy.
[2018.05.09-17.33.26:373][  0]LogDerivedDataCache: FDerivedDataBackendGraph:  CompressedPak pak cache file ../../../../../../Users/sound/Documents/Unreal Projects/Project16/DerivedDataCache/Compressed.ddp not found, will not use a pak cache.
[2018.05.09-17.33.26:373][  0]LogDerivedDataCache: Unable to find inner node CompressedPak for hierarchical cache Hierarchy.
[2018.05.09-17.33.26:384][  0]LogDerivedDataCache:Display: Pak cache opened for reading ../../../Engine/DerivedDataCache/Compressed.ddp.
[2018.05.09-17.33.26:395][  0]LogDerivedDataCache: Using Local data cache path C:/Users/sound/AppData/Local/UnrealEngine/Common/DerivedDataCache: Writable
[2018.05.09-17.33.26:402][  0]LogMaterial: Verifying Global Shaders for PCD3D_SM5
[2018.05.09-17.33.26:402][  0]LogSlate: Using Freetype 2.6.0
[2018.05.09-17.33.26:402][  0]LogSlate: SlateFontCache - WITH_FREETYPE: 1, WITH_HARFBUZZ: 1
[2018.05.09-17.33.26:402][  0]LogSlate: SlateFontCache - WITH_FREETYPE: 1, WITH_HARFBUZZ: 1
[2018.05.09-17.33.26:621][  0]LogInit: Selected Device Profile: [Windows]
[2018.05.09-17.33.26:662][  0]LogContentStreaming: Texture pool size is 0.00 MB
[2018.05.09-17.33.26:781][  0]LogMeshUtilities: Using QuadricMeshReduction for automatic static mesh reduction
[2018.05.09-17.33.26:816][  0]LogSimplygon: Simplygon DLL not present - disabling.
[2018.05.09-17.33.26:854][  0]LogMeshUtilities: Using SimplygonSwarm for distributed automatic mesh merging
[2018.05.09-17.33.26:854][  0]LogMeshUtilities: No automatic skeletal mesh reduction module available
[2018.05.09-17.33.26:854][  0]LogMeshUtilities: No automatic mesh merging module available
[2018.05.09-17.33.27:234][  0]LogNetVersion: Project16 , NetCL: 3452394, EngineNetVer: 2, GameNetVer: 0 (Checksum: 2933532304)
[2018.05.09-17.33.27:288][  0]LogAssetRegistry: FAssetRegistry took 0.0251 seconds to start up
[2018.05.09-17.33.27:335][  0]LogPackageLocalizationCache: Processed 4 localized package path(s) for 2 prioritized culture(s) in 0.025845 seconds
[2018.05.09-17.33.27:338][  0]LogUObjectArray: 34194 objects as part of root set at end of initial load.
[2018.05.09-17.33.27:338][  0]LogUObjectAllocator: 7260424 out of 0 bytes used by permanent object pool.
[2018.05.09-17.33.27:338][  0]LogUObjectArray: CloseDisregardForGC: 0/0 objects in disregard for GC pool
[2018.05.09-17.33.27:389][  0]LogInit: WinSock: version 1.1 (2.2), MaxSocks=32767, MaxUdp=65467
[2018.05.09-17.33.29:195][  0]LogTcpMessaging: Initializing TcpMessaging bridge
[2018.05.09-17.33.29:229][  0]LogUdpMessaging: Initializing bridge on interface 0.0.0.0:0 to multicast group 230.0.0.1:6666.
[2018.05.09-17.33.29:729][  0]LogMaterial: Uniform references updated for custom material expression Custom.
[2018.05.09-17.33.30:038][  0]SourceControl: Info Source control is disabled
[2018.05.09-17.33.30:061][  0]SourceControl: Info Source control is disabled
[2018.05.09-17.33.30:100][  0]SourceControl: Info Source control is disabled
[2018.05.09-17.33.30:138][  0]SourceControl: Info Source control is disabled
[2018.05.09-17.33.30:672][  0]LogAndroidPermission: UAndroidPermissionCallbackProxy::GetInstance
[2018.05.09-17.33.31:146][  0]LogEngine: Initializing Engine...
[2018.05.09-17.33.31:146][  0]LogHMD: Failed to initialize OpenVR with code 110
[2018.05.09-17.33.31:276][  0]LogStats: UGameplayTagsManager::ConstructGameplayTagTree: Construct from data asset -  0.000 s
[2018.05.09-17.33.31:276][  0]LogStats: UGameplayTagsManager::ConstructGameplayTagTree: GameplayTagTreeChangedEvent.Broadcast -  0.000 s
[2018.05.09-17.33.31:378][  0]LogAIModule: Creating AISystem for world Untitled
[2018.05.09-17.33.31:386][  0]LogInit: XAudio2 using 'Speakers (Realtek High Definition Audio)' : 2 channels at 48 kHz using 32 bits per sample (channel mask 0x3)
[2018.05.09-17.33.31:397][  0]LogInit: FAudioDevice initialized.
[2018.05.09-17.33.31:427][  0]LogDerivedDataCache: Saved boot cache 0.03s 90MB C:/Users/sound/AppData/Local/UnrealEngine/4.16/DerivedDataCache/Boot.ddc.
[2018.05.09-17.33.31:436][  0]LogInit: Texture streaming: Enabled
[2018.05.09-17.33.31:512][  0]LogEngineSessionManager: EngineSessionManager initialized
[2018.05.09-17.33.31:681][  0]LogInit: Transaction tracking system initialized
[2018.05.09-17.33.31:922][  0]BlueprintLog: New page: Editor Load
[2018.05.09-17.33.32:653][  0]LocalizationService: Info Localization service is disabled
[2018.05.09-17.33.33:190][  0]LogConsoleResponse:Display: 
[2018.05.09-17.33.33:298][  0]LogCook:Display: Max memory allowance for cook 16384mb min free memory 0mb
[2018.05.09-17.33.33:298][  0]LogCook:Display: Mobile HDR setting 1
[2018.05.09-17.33.34:118][  0]LogFileCache: Scanning file cache for directory 'C:/Users/sound/Documents/Unreal Projects/Project16/Content/' took 0.07s
[2018.05.09-17.33.34:118][  0]SourceControl: Info Source control is disabled
[2018.05.09-17.33.34:118][  0]Cmd: MAP LOAD FILE="../../../../../../Users/sound/Documents/Unreal Projects/Project16/Content/TalkingLevels/Grissburg_3.umap" TEMPLATE=0 SHOWPROGRESS=1 FEATURELEVEL=3
[2018.05.09-17.33.34:119][  0]LightingResults: New page: Lighting Build
[2018.05.09-17.33.34:151][  0]MapCheck: New page: Map Check
[2018.05.09-17.33.34:151][  0]LightingResults: New page: Lighting Build
[2018.05.09-17.33.34:171][  0]LogBlueprint:Warning: [UI] 'OvodusButton_149' variable not found. Base class was probably changed.
[2018.05.09-17.33.34:171][  0]LogBlueprint:Warning: [UI] 'Image_91' variable not found. Base class was probably changed.
[2018.05.09-17.33.34:171][  0]LogBlueprint:Warning: [UI] 'Image_51' variable not found. Base class was probably changed.
[2018.05.09-17.33.34:171][  0]LogBlueprint:Warning: [UI] 'Image_173' variable not found. Base class was probably changed.
[2018.05.09-17.33.34:206][  0]LogLinker:Warning: Can't find file '/Game/StarterContent/Audio/Starter_Wind06'
[2018.05.09-17.33.34:206][  0]LogLinker:Warning: Can't find file '/Game/StarterContent/Audio/Starter_Wind06'
[2018.05.09-17.33.34:206][  0]LogUObjectGlobals:Warning: Failed to find object 'Object /Game/StarterContent/Audio/Starter_Wind06.Starter_Wind06'
[2018.05.09-17.33.34:221][  0]LogAIModule: Creating AISystem for world Grissburg_3
[2018.05.09-17.33.34:225][  0]LogEditorServer: Finished looking for orphan Actors (0.000 secs)
[2018.05.09-17.33.34:234][  0]Cmd: MAP CHECKDEP NOCLEARLOG
[2018.05.09-17.33.34:267][  0]MapCheck: Info Map check complete: 0 Error(s), 0 Warning(s), took 33.887ms to complete.
[2018.05.09-17.33.34:267][  0]LogFileHelpers: Loading map 'Grissburg_3' took 0.149
[2018.05.09-17.33.34:373][  0]LogCollectionManager: Loaded 0 collections in 0.001289 seconds
[2018.05.09-17.33.34:442][  0]LogFileCache: Scanning file cache for directory 'C:/Users/sound/Documents/Unreal Projects/Project16/Saved/Collections/' took 0.01s
[2018.05.09-17.33.34:442][  0]LogFileCache: Scanning file cache for directory 'C:/Users/sound/Documents/Unreal Projects/Project16/Content/Developers/sound/Collections/' took 0.01s
[2018.05.09-17.33.34:442][  0]LogFileCache: Scanning file cache for directory 'C:/Users/sound/Documents/Unreal Projects/Project16/Content/Collections/' took 0.01s
[2018.05.09-17.33.34:442][  0]LogCollectionManager: Rebuilt the GUID cache for 0 collections in 0.000001 seconds
[2018.05.09-17.33.34:449][  0]LogContentBrowser: Native class hierarchy populated in 0.0078 seconds. Added 2334 classes and 493 folders.
[2018.05.09-17.33.34:501][  0]LogContentBrowser: Native class hierarchy updated for 'WidgetCarousel' in 0.0012 seconds. Added 0 classes and 0 folders.
[2018.05.09-17.33.34:531][  0]LogContentBrowser: Native class hierarchy updated for 'AddContentDialog' in 0.0012 seconds. Added 0 classes and 0 folders.
[2018.05.09-17.33.34:566][  0]LogContentBrowser: Native class hierarchy updated for 'SceneOutliner' in 0.0012 seconds. Added 1 classes and 2 folders.
[2018.05.09-17.33.34:621][  0]LogCrashTracker: Crashtracker disabled due to settings.
[2018.05.09-17.33.34:624][  0]LogSlate: Took 0.000349 seconds to synchronously load lazily loaded font '../../../Engine/Content/Slate/Fonts/Roboto-Regular.ttf' (155K)
[2018.05.09-17.33.34:627][  0]LogSlate: Took 0.000259 seconds to synchronously load lazily loaded font '../../../Engine/Content/Slate/Fonts/Roboto-Bold.ttf' (160K)
[2018.05.09-17.33.34:633][  0]LogSlate: Took 0.000240 seconds to synchronously load lazily loaded font '../../../Engine/Content/Editor/Slate/Fonts/FontAwesome.ttf' (139K)
[2018.05.09-17.33.34:711][  0]LogRenderer: Reallocating scene render targets to support 232x300 NumSamples 1 (Frame:1).
[2018.05.09-17.33.34:728][  0]LogRenderer: Reallocating scene render targets to support 1072x576 NumSamples 1 (Frame:1).
[2018.05.09-17.33.34:779][  0]LogUObjectGlobals:Warning: Failed to find object 'Class None.'
[2018.05.09-17.33.34:834][  0]LogContentBrowser: Native class hierarchy updated for 'HierarchicalLODOutliner' in 0.0012 seconds. Added 1 classes and 2 folders.
[2018.05.09-17.33.34:834][  0]LogLoad: (Engine Initialization) Total time: 12.66 seconds
[2018.05.09-17.33.34:834][  0]LogLoad: (Engine Initialization) Total Blueprint compile time: 0.05 seconds
[2018.05.09-17.33.34:834][  0]LogExternalProfiler: Found external profiler: VSPerf
[2018.05.09-17.33.34:834][  0]LogExternalProfiler: Using external profiler: VSPerf
[2018.05.09-17.33.34:843][  0]LogWindowsTextInputMethodSystem:Display: IME system now deactivated.
[2018.05.09-17.33.34:844][  0]LogOcInput: OculusInput pre-init called
[2018.05.09-17.33.34:844][  0]LogHMD: Starting GearVRController plugin
[2018.05.09-17.33.34:863][  0]LogContentStreaming: Texture pool size now 1000 MB
[2018.05.09-17.33.34:869][  0]LogSlate: Took 0.000117 seconds to synchronously load lazily loaded font '../../../Engine/Content/Slate/Fonts/Roboto-Light.ttf' (159K)
[2018.05.09-17.33.34:878][  1]LogAssetRegistry: Asset discovery search completed in 7.6125 seconds
[2018.05.09-17.33.34:879][  1]LogCollectionManager: Rebuilt the object cache for 0 collections in 0.000000 seconds (found 0 objects)
[2018.05.09-17.33.34:879][  1]LogCollectionManager: Fixed up redirectors for 0 collections in 0.000020 seconds (updated 0 objects)
[2018.05.09-17.33.38:890][480]LogTemp: Repeting last play command: Selected Viewport
[2018.05.09-17.33.38:928][480]LogBlueprintUserMessages: Early PlayInEditor Detection: Level '/Game/TalkingLevels/Grissburg_3.Grissburg_3:PersistentLevel' has LevelScriptBlueprint '/Game/TalkingLevels/Grissburg_3.Grissburg_3:PersistentLevel.Grissburg_3' with GeneratedClass '/Game/TalkingLevels/Grissburg_3.Grissburg_3_C' with ClassGeneratedBy '/Game/TalkingLevels/Grissburg_3.Grissburg_3:PersistentLevel.Grissburg_3'
[2018.05.09-17.33.38:928][480]LogPlayLevel: PlayLevel: No blueprints needed recompiling
[2018.05.09-17.33.38:928][480]PIE: New page: PIE session: Grissburg_3 (9 May 2018 19:33:38)
[2018.05.09-17.33.38:928][480]LogPlayLevel: Creating play world package: /Game/TalkingLevels/UEDPIE_0_Grissburg_3
[2018.05.09-17.33.38:931][480]LogPlayLevel: PIE: StaticDuplicateObject took: (0.002372s)
[2018.05.09-17.33.38:931][480]LogAIModule: Creating AISystem for world Grissburg_3
[2018.05.09-17.33.38:931][480]LogPlayLevel: PIE: World Init took: (0.000466s)
[2018.05.09-17.33.38:931][480]LogPlayLevel: PIE: Created PIE world by copying editor world from /Game/TalkingLevels/Grissburg_3.Grissburg_3 to /Game/TalkingLevels/UEDPIE_0_Grissburg_3.Grissburg_3 (0.002985s)
[2018.05.09-17.33.38:942][480]LogInit: XAudio2 using 'Speakers (Realtek High Definition Audio)' : 2 channels at 48 kHz using 32 bits per sample (channel mask 0x3)
[2018.05.09-17.33.38:949][480]LogInit: FAudioDevice initialized.
[2018.05.09-17.33.38:989][480]LogLoad: Game class is 'MyGameMode_C'
[2018.05.09-17.33.38:990][480]LogWorld: Bringing World /Game/TalkingLevels/UEDPIE_0_Grissburg_3.Grissburg_3 up for play (max tick rate 0) at 2018.05.09-18.33.38
[2018.05.09-17.33.38:991][480]LogWorld: Bringing up level for play took: 0.000596
[2018.05.09-17.33.39:025][480]LogContentBrowser: Native class hierarchy updated for 'MovieSceneCapture' in 0.0013 seconds. Added 11 classes and 0 folders.
[2018.05.09-17.33.39:026][480]Cmd: r.SetRes 1920x1080w
[2018.05.09-17.33.39:026][480]r.SetRes = "1920x1080w"
[2018.05.09-17.33.39:026][480]LogBlueprintUserMessages: [Grissburg_3_C_1] Hello
[2018.05.09-17.33.39:026][480]LogActor:Warning: GrissburgSceneController /Game/TalkingLevels/UEDPIE_0_Grissburg_3.Grissburg_3:PersistentLevel.GrissburgSceneController_0 has natively added scene component(s), but none of them were set as the actor's RootComponent - picking one arbitrarily
[2018.05.09-17.33.39:026][480]LogActor:Warning: LightActor /Game/TalkingLevels/UEDPIE_0_Grissburg_3.Grissburg_3:PersistentLevel.LightActor_0 has natively added scene component(s), but none of them were set as the actor's RootComponent - picking one arbitrarily
[2018.05.09-17.33.39:026][480]LogActor:Warning: LightActor /Game/TalkingLevels/UEDPIE_0_Grissburg_3.Grissburg_3:PersistentLevel.LightActor_1 has natively added scene component(s), but none of them were set as the actor's RootComponent - picking one arbitrarily
[2018.05.09-17.33.39:026][480]LogActor:Warning: LightActor /Game/TalkingLevels/UEDPIE_0_Grissburg_3.Grissburg_3:PersistentLevel.LightActor_2 has natively added scene component(s), but none of them were set as the actor's RootComponent - picking one arbitrarily
[2018.05.09-17.33.39:026][480]LogActor:Warning: LightActor /Game/TalkingLevels/UEDPIE_0_Grissburg_3.Grissburg_3:PersistentLevel.LightActor_3 has natively added scene component(s), but none of them were set as the actor's RootComponent - picking one arbitrarily
[2018.05.09-17.33.39:026][480]LogActor:Warning: LightActor /Game/TalkingLevels/UEDPIE_0_Grissburg_3.Grissburg_3:PersistentLevel.LightActor_4 has natively added scene component(s), but none of them were set as the actor's RootComponent - picking one arbitrarily
[2018.05.09-17.33.39:051][480]PIE: Info Play in editor start time for /Game/TalkingLevels/UEDPIE_0_Grissburg_3 0.897
[2018.05.09-17.33.39:052][480]LogBlueprintUserMessages: Late PlayInEditor Detection: Level '/Game/TalkingLevels/Grissburg_3.Grissburg_3:PersistentLevel' has LevelScriptBlueprint '/Game/TalkingLevels/Grissburg_3.Grissburg_3:PersistentLevel.Grissburg_3' with GeneratedClass '/Game/TalkingLevels/Grissburg_3.Grissburg_3_C' with ClassGeneratedBy '/Game/TalkingLevels/Grissburg_3.Grissburg_3:PersistentLevel.Grissburg_3'
[2018.05.09-17.33.50:358][811]LogBlueprintUserMessages: Early EndPlayMap Detection: Level '/Game/TalkingLevels/Grissburg_3.Grissburg_3:PersistentLevel' has LevelScriptBlueprint '/Game/TalkingLevels/Grissburg_3.Grissburg_3:PersistentLevel.Grissburg_3' with GeneratedClass '/Game/TalkingLevels/Grissburg_3.Grissburg_3_C' with ClassGeneratedBy '/Game/TalkingLevels/Grissburg_3.Grissburg_3:PersistentLevel.Grissburg_3'
[2018.05.09-17.33.50:395][811]LogBlueprintUserMessages: Late EndPlayMap Detection: Level '/Game/TalkingLevels/Grissburg_3.Grissburg_3:PersistentLevel' has LevelScriptBlueprint '/Game/TalkingLevels/Grissburg_3.Grissburg_3:PersistentLevel.Grissburg_3' with GeneratedClass '/Game/TalkingLevels/Grissburg_3.Grissburg_3_C' with ClassGeneratedBy '/Game/TalkingLevels/Grissburg_3.Grissburg_3:PersistentLevel.Grissburg_3'
[2018.05.09-17.33.51:168][903]LogTemp: Repeting last play command: Selected Viewport
[2018.05.09-17.33.51:179][903]LogBlueprintUserMessages: Early PlayInEditor Detection: Level '/Game/TalkingLevels/Grissburg_3.Grissburg_3:PersistentLevel' has LevelScriptBlueprint '/Game/TalkingLevels/Grissburg_3.Grissburg_3:PersistentLevel.Grissburg_3' with GeneratedClass '/Game/TalkingLevels/Grissburg_3.Grissburg_3_C' with ClassGeneratedBy '/Game/TalkingLevels/Grissburg_3.Grissburg_3:PersistentLevel.Grissburg_3'
[2018.05.09-17.33.51:179][903]LogPlayLevel: PlayLevel: No blueprints needed recompiling
[2018.05.09-17.33.51:179][903]PIE: New page: PIE session: Grissburg_3 (9 May 2018 19:33:51)
[2018.05.09-17.33.51:179][903]LogPlayLevel: Creating play world package: /Game/TalkingLevels/UEDPIE_0_Grissburg_3
[2018.05.09-17.33.51:181][903]LogPlayLevel: PIE: StaticDuplicateObject took: (0.001650s)
[2018.05.09-17.33.51:181][903]LogAIModule: Creating AISystem for world Grissburg_3
[2018.05.09-17.33.51:181][903]LogPlayLevel: PIE: World Init took: (0.000403s)
[2018.05.09-17.33.51:181][903]LogPlayLevel: PIE: Created PIE world by copying editor world from /Game/TalkingLevels/Grissburg_3.Grissburg_3 to /Game/TalkingLevels/UEDPIE_0_Grissburg_3.Grissburg_3 (0.002187s)
[2018.05.09-17.33.51:193][903]LogInit: XAudio2 using 'Speakers (Realtek High Definition Audio)' : 2 channels at 48 kHz using 32 bits per sample (channel mask 0x3)
[2018.05.09-17.33.51:200][903]LogInit: FAudioDevice initialized.
[2018.05.09-17.33.51:229][903]LogLoad: Game class is 'MyGameMode_C'
[2018.05.09-17.33.51:230][903]LogWorld: Bringing World /Game/TalkingLevels/UEDPIE_0_Grissburg_3.Grissburg_3 up for play (max tick rate 0) at 2018.05.09-18.33.51
[2018.05.09-17.33.51:230][903]LogWorld: Bringing up level for play took: 0.000596
[2018.05.09-17.33.51:231][903]Cmd: r.SetRes 1920x1080w
[2018.05.09-17.33.51:231][903]r.SetRes = "1920x1080w"
[2018.05.09-17.33.51:231][903]LogBlueprintUserMessages: [Grissburg_3_C_1] Hello
[2018.05.09-17.33.51:231][903]LogActor:Warning: GrissburgSceneController /Game/TalkingLevels/UEDPIE_0_Grissburg_3.Grissburg_3:PersistentLevel.GrissburgSceneController_0 has natively added scene component(s), but none of them were set as the actor's RootComponent - picking one arbitrarily
[2018.05.09-17.33.51:231][903]LogActor:Warning: LightActor /Game/TalkingLevels/UEDPIE_0_Grissburg_3.Grissburg_3:PersistentLevel.LightActor_0 has natively added scene component(s), but none of them were set as the actor's RootComponent - picking one arbitrarily
[2018.05.09-17.33.51:231][903]LogActor:Warning: LightActor /Game/TalkingLevels/UEDPIE_0_Grissburg_3.Grissburg_3:PersistentLevel.LightActor_1 has natively added scene component(s), but none of them were set as the actor's RootComponent - picking one arbitrarily
[2018.05.09-17.33.51:231][903]LogActor:Warning: LightActor /Game/TalkingLevels/UEDPIE_0_Grissburg_3.Grissburg_3:PersistentLevel.LightActor_2 has natively added scene component(s), but none of them were set as the actor's RootComponent - picking one arbitrarily
[2018.05.09-17.33.51:231][903]LogActor:Warning: LightActor /Game/TalkingLevels/UEDPIE_0_Grissburg_3.Grissburg_3:PersistentLevel.LightActor_3 has natively added scene component(s), but none of them were set as the actor's RootComponent - picking one arbitrarily
[2018.05.09-17.33.51:231][903]LogActor:Warning: LightActor /Game/TalkingLevels/UEDPIE_0_Grissburg_3.Grissburg_3:PersistentLevel.LightActor_4 has natively added scene component(s), but none of them were set as the actor's RootComponent - picking one arbitrarily
[2018.05.09-17.33.51:235][903]PIE: Info Play in editor start time for /Game/TalkingLevels/UEDPIE_0_Grissburg_3 -0.92
[2018.05.09-17.33.51:235][903]LogBlueprintUserMessages: Late PlayInEditor Detection: Level '/Game/TalkingLevels/Grissburg_3.Grissburg_3:PersistentLevel' has LevelScriptBlueprint '/Game/TalkingLevels/Grissburg_3.Grissburg_3:PersistentLevel.Grissburg_3' with GeneratedClass '/Game/TalkingLevels/Grissburg_3.Grissburg_3_C' with ClassGeneratedBy '/Game/TalkingLevels/Grissburg_3.Grissburg_3:PersistentLevel.Grissburg_3'
[2018.05.09-17.34.39:278][545]LogBlueprintUserMessages: Early EndPlayMap Detection: Level '/Game/TalkingLevels/Grissburg_3.Grissburg_3:PersistentLevel' has LevelScriptBlueprint '/Game/TalkingLevels/Grissburg_3.Grissburg_3:PersistentLevel.Grissburg_3' with GeneratedClass '/Game/TalkingLevels/Grissburg_3.Grissburg_3_C' with ClassGeneratedBy '/Game/TalkingLevels/Grissburg_3.Grissburg_3:PersistentLevel.Grissburg_3'
[2018.05.09-17.34.39:312][545]LogBlueprintUserMessages: Late EndPlayMap Detection: Level '/Game/TalkingLevels/Grissburg_3.Grissburg_3:PersistentLevel' has LevelScriptBlueprint '/Game/TalkingLevels/Grissburg_3.Grissburg_3:PersistentLevel.Grissburg_3' with GeneratedClass '/Game/TalkingLevels/Grissburg_3.Grissburg_3_C' with ClassGeneratedBy '/Game/TalkingLevels/Grissburg_3.Grissburg_3:PersistentLevel.Grissburg_3'
[2018.05.09-17.34.40:953][741]LogEditorViewport: Clicking Background
[2018.05.09-17.49.44:140][141]Cmd: QUIT_EDITOR
[2018.05.09-17.49.44:736][141]LogWindowsTextInputMethodSystem:Display: IME system now deactivated.
[2018.05.09-17.49.44:741][141]LogExit: Preparing to exit.
[2018.05.09-17.49.45:508][141]LogDirectoryWatcher: A directory notification for 'C:/Users/sound/Documents/Unreal Projects/Project16/Content/' was aborted.
[2018.05.09-17.49.45:517][141]LogExit: Editor shut down
[2018.05.09-17.49.45:528][141]LogExit: Transaction tracking system shut down
[2018.05.09-17.49.45:559][141]LogObj: Freed 0b from 0 cluster array pools.
[2018.05.09-17.49.45:559][141]LogExit: Object subsystem successfully closed.
[2018.05.09-17.49.45:571][141]LogD3D11RHI: Shutdown
[2018.05.09-17.49.45:571][141]LogD3D11RHI: CleanupD3DDevice
[2018.05.09-17.49.45:620][141]LogD3D11RHI: ~FD3D11DynamicRHI
[2018.05.09-17.49.45:631][141]LogModuleManager: Shutting down and abandoning module MovieSceneCapture (528)
[2018.05.09-17.49.45:631][141]LogModuleManager: Shutting down and abandoning module HierarchicalLODOutliner (526)
[2018.05.09-17.49.45:631][141]LogModuleManager: Shutting down and abandoning module CrashTracker (524)
[2018.05.09-17.49.45:631][141]LogModuleManager: Shutting down and abandoning module SceneOutliner (522)
[2018.05.09-17.49.45:631][141]LogModuleManager: Shutting down and abandoning module AddContentDialog (520)
[2018.05.09-17.49.45:631][141]LogDirectoryWatcher: A directory notification for 'C:/Program Files/Epic Games/UE_4.16/FeaturePacks/' was aborted.
[2018.05.09-17.49.45:632][141]LogModuleManager: Shutting down and abandoning module WidgetCarousel (519)
[2018.05.09-17.49.45:632][141]LogModuleManager: Shutting down and abandoning module EditorWidgets (516)
[2018.05.09-17.49.45:632][141]LogModuleManager: Shutting down and abandoning module CollectionManager (514)
[2018.05.09-17.49.45:632][141]LogDirectoryWatcher: A directory notification for 'C:/Users/sound/Documents/Unreal Projects/Project16/Content/Collections/' was aborted.
[2018.05.09-17.49.45:632][141]LogDirectoryWatcher: A directory notification for 'C:/Users/sound/Documents/Unreal Projects/Project16/Content/Developers/sound/Collections/' was aborted.
[2018.05.09-17.49.45:632][141]LogDirectoryWatcher: A directory notification for 'C:/Users/sound/Documents/Unreal Projects/Project16/Saved/Collections/' was aborted.
[2018.05.09-17.49.45:632][141]LogModuleManager: Shutting down and abandoning module StatsViewer (512)
[2018.05.09-17.49.45:632][141]LogModuleManager: Shutting down and abandoning module FoliageEdit (510)
[2018.05.09-17.49.45:632][141]LogModuleManager: Shutting down and abandoning module LandscapeEditor (508)
[2018.05.09-17.49.45:632][141]LogModuleManager: Shutting down and abandoning module MeshPaintMode (506)
[2018.05.09-17.49.45:632][141]LogModuleManager: Shutting down and abandoning module SceneDepthPickerMode (504)
[2018.05.09-17.49.45:632][141]LogModuleManager: Shutting down and abandoning module ActorPickerMode (502)
[2018.05.09-17.49.45:632][141]LogModuleManager: Shutting down and abandoning module GeometryMode (500)
[2018.05.09-17.49.45:632][141]LogModuleManager: Shutting down and abandoning module TextureAlignMode (498)
[2018.05.09-17.49.45:632][141]LogModuleManager: Shutting down and abandoning module BspMode (496)
[2018.05.09-17.49.45:632][141]LogModuleManager: Shutting down and abandoning module HardwareSurvey (494)
[2018.05.09-17.49.45:632][141]LogModuleManager: Shutting down and abandoning module SequenceRecorderSections (492)
[2018.05.09-17.49.45:632][141]LogModuleManager: Shutting down and abandoning module AutomationWorker (490)
[2018.05.09-17.49.45:632][141]LogModuleManager: Shutting down and abandoning module MatineeToLevelSequence (488)
[2018.05.09-17.49.45:632][141]LogModuleManager: Shutting down and abandoning module LevelSequenceEditor (486)
[2018.05.09-17.49.45:632][141]LogModuleManager: Shutting down and abandoning module PlacementMode (485)
[2018.05.09-17.49.45:632][141]LogModuleManager: Shutting down and abandoning module WmfMediaFactory (482)
[2018.05.09-17.49.45:632][141]LogModuleManager: Shutting down and abandoning module WmfMediaEditor (480)
[2018.05.09-17.49.45:632][141]LogModuleManager: Shutting down and abandoning module AvfMediaFactory (478)
[2018.05.09-17.49.45:632][141]LogModuleManager: Shutting down and abandoning module AvfMediaEditor (476)
[2018.05.09-17.49.45:632][141]LogModuleManager: Shutting down and abandoning module AndroidMediaFactory (474)
[2018.05.09-17.49.45:632][141]LogModuleManager: Shutting down and abandoning module Media (473)
[2018.05.09-17.49.45:632][141]LogModuleManager: Shutting down and abandoning module AndroidMediaEditor (470)
[2018.05.09-17.49.45:632][141]LogModuleManager: Shutting down and abandoning module CharacterAI (468)
[2018.05.09-17.49.45:632][141]LogModuleManager: Shutting down and abandoning module AudioCapture (466)
[2018.05.09-17.49.45:632][141]LogModuleManager: Shutting down and abandoning module SequenceRecorder (465)
[2018.05.09-17.49.45:632][141]LogModuleManager: Shutting down and abandoning module SmartSnapping (462)
[2018.05.09-17.49.45:632][141]LogModuleManager: Shutting down and abandoning module SessionServices (460)
[2018.05.09-17.49.45:632][141]LogModuleManager: Shutting down and abandoning module ViewportSnapping (458)
[2018.05.09-17.49.45:632][141]LogModuleManager: Shutting down and abandoning module ViewportInteraction (456)
[2018.05.09-17.49.45:632][141]LogModuleManager: Shutting down and abandoning module ClothPainter (454)
[2018.05.09-17.49.45:632][141]LogModuleManager: Shutting down and abandoning module LogVisualizer (452)
[2018.05.09-17.49.45:632][141]LogModuleManager: Shutting down and abandoning module IntroTutorials (450)
[2018.05.09-17.49.45:632][141]LogModuleManager: Shutting down and abandoning module GameProjectGeneration (449)
[2018.05.09-17.49.45:632][141]LogModuleManager: Shutting down and abandoning module EditorLiveStreaming (446)
[2018.05.09-17.49.45:632][141]LogModuleManager: Shutting down and abandoning module IOSPlatformEditor (444)
[2018.05.09-17.49.45:632][141]LogModuleManager: Shutting down and abandoning module HTML5PlatformEditor (442)
[2018.05.09-17.49.45:632][141]LogModuleManager: Shutting down and abandoning module AndroidPlatformEditor (440)
[2018.05.09-17.49.45:632][141]LogModuleManager: Shutting down and abandoning module AndroidDeviceDetection (439)
[2018.05.09-17.49.46:075][141]LogModuleManager: Shutting down and abandoning module IOSRuntimeSettings (436)
[2018.05.09-17.49.46:075][141]LogModuleManager: Shutting down and abandoning module AndroidRuntimeSettings (434)
[2018.05.09-17.49.46:075][141]LogModuleManager: Shutting down and abandoning module InputBindingEditor (432)
[2018.05.09-17.49.46:075][141]LogModuleManager: Shutting down and abandoning module MergeActors (430)
[2018.05.09-17.49.46:075][141]LogModuleManager: Shutting down and abandoning module SizeMap (428)
[2018.05.09-17.49.46:075][141]LogModuleManager: Shutting down and abandoning module TreeMap (426)
[2018.05.09-17.49.46:075][141]LogModuleManager: Shutting down and abandoning module ReferenceViewer (424)
[2018.05.09-17.49.46:075][141]LogModuleManager: Shutting down and abandoning module LocalizationDashboard (422)
[2018.05.09-17.49.46:075][141]LogModuleManager: Shutting down and abandoning module LocalizationService (421)
[2018.05.09-17.49.46:075][141]LogModuleManager: Shutting down and abandoning module HardwareTargeting (418)
[2018.05.09-17.49.46:075][141]LogModuleManager: Shutting down and abandoning module DeviceProfileEditor (416)
[2018.05.09-17.49.46:075][141]LogModuleManager: Shutting down and abandoning module UndoHistory (414)
[2018.05.09-17.49.46:075][141]LogModuleManager: Shutting down and abandoning module UserFeedback (412)
[2018.05.09-17.49.46:075][141]LogModuleManager: Shutting down and abandoning module XmlParser (410)
[2018.05.09-17.49.46:075][141]LogModuleManager: Shutting down and abandoning module Blutility (408)
[2018.05.09-17.49.46:075][141]LogModuleManager: Shutting down and abandoning module ProjectSettingsViewer (406)
[2018.05.09-17.49.46:075][141]LogModuleManager: Shutting down and abandoning module ProjectTargetPlatformEditor (405)
[2018.05.09-17.49.46:075][141]LogModuleManager: Shutting down and abandoning module EditorSettingsViewer (402)
[2018.05.09-17.49.46:075][141]LogModuleManager: Shutting down and abandoning module SettingsEditor (400)
[2018.05.09-17.49.46:075][141]LogModuleManager: Shutting down and abandoning module ProjectLauncher (398)
[2018.05.09-17.49.46:075][141]LogModuleManager: Shutting down and abandoning module SessionFrontend (396)
[2018.05.09-17.49.46:075][141]LogModuleManager: Shutting down and abandoning module ProfilerClient (394)
[2018.05.09-17.49.46:075][141]LogModuleManager: Shutting down and abandoning module DeviceManager (392)
[2018.05.09-17.49.46:075][141]LogModuleManager: Shutting down and abandoning module TargetDeviceServices (391)
[2018.05.09-17.49.46:126][141]LogModuleManager: Shutting down and abandoning module AutomationController (388)
[2018.05.09-17.49.46:126][141]LogModuleManager: Shutting down and abandoning module AutomationWindow (386)
[2018.05.09-17.49.46:126][141]LogModuleManager: Shutting down and abandoning module Layers (384)
[2018.05.09-17.49.46:126][141]LogModuleManager: Shutting down and abandoning module ComponentVisualizers (382)
[2018.05.09-17.49.46:126][141]LogModuleManager: Shutting down and abandoning module DetailCustomizations (380)
[2018.05.09-17.49.46:126][141]LogModuleManager: Shutting down and abandoning module PackagesDialog (378)
[2018.05.09-17.49.46:126][141]LogModuleManager: Shutting down and abandoning module Persona (376)
[2018.05.09-17.49.46:126][141]LogModuleManager: Shutting down and abandoning module AdvancedPreviewScene (375)
[2018.05.09-17.49.46:126][141]LogModuleManager: Shutting down and abandoning module AnimGraph (373)
[2018.05.09-17.49.46:126][141]LogModuleManager: Shutting down and abandoning module Kismet (370)
[2018.05.09-17.49.46:126][141]LogModuleManager: Shutting down and abandoning module ClassViewer (368)
[2018.05.09-17.49.46:126][141]LogModuleManager: Shutting down and abandoning module Toolbox (366)
[2018.05.09-17.49.46:126][141]LogModuleManager: Shutting down and abandoning module ModuleUI (364)
[2018.05.09-17.49.46:126][141]LogModuleManager: Shutting down and abandoning module MovieSceneTools (362)
[2018.05.09-17.49.46:126][141]LogModuleManager: Shutting down and abandoning module OutputLog (360)
[2018.05.09-17.49.46:126][141]LogModuleManager: Shutting down and abandoning module GammaUI (358)
[2018.05.09-17.49.46:126][141]LogModuleManager: Shutting down and abandoning module Documentation (356)
[2018.05.09-17.49.46:126][141]LogModuleManager: Shutting down and abandoning module MovieSceneTracks (354)
[2018.05.09-17.49.46:126][141]LogModuleManager: Shutting down and abandoning module MovieScene (352)
[2018.05.09-17.49.46:126][141]LogModuleManager: Shutting down and abandoning module Niagara (350)
[2018.05.09-17.49.46:126][141]LogModuleManager: Shutting down and abandoning module NiagaraEditor (349)
[2018.05.09-17.49.46:126][141]LogModuleManager: Shutting down and abandoning module StreamingPauseRendering (346)
[2018.05.09-17.49.46:126][141]LogModuleManager: Shutting down and abandoning module AnalyticsET (344)
[2018.05.09-17.49.46:126][141]LogModuleManager: Shutting down and abandoning module PortalServices (342)
[2018.05.09-17.49.46:126][141]LogModuleManager: Shutting down and abandoning module PortalRpc (340)
[2018.05.09-17.49.46:126][141]LogModuleManager: Shutting down and abandoning module MessagingRpc (338)
[2018.05.09-17.49.46:126][141]LogModuleManager: Shutting down and abandoning module AIModule (336)
[2018.05.09-17.49.46:126][141]LogModuleManager: Shutting down and abandoning module GameplayDebugger (335)
[2018.05.09-17.49.46:126][141]LogModuleManager: Shutting down and abandoning module AITestSuite (333)
[2018.05.09-17.49.46:126][141]LogModuleManager: Shutting down and abandoning module ProfilerService (330)
[2018.05.09-17.49.46:317][141]LogModuleManager: Shutting down and abandoning module TaskGraph (328)
[2018.05.09-17.49.46:317][141]LogModuleManager: Shutting down and abandoning module SteamVRController (326)
[2018.05.09-17.49.46:317][141]LogModuleManager: Shutting down and abandoning module SteamVR (324)
[2018.05.09-17.49.46:317][141]LogModuleManager: Shutting down and abandoning module ProceduralMeshComponentEditor (322)
[2018.05.09-17.49.46:317][141]LogModuleManager: Shutting down and abandoning module ProceduralMeshComponent (320)
[2018.05.09-17.49.46:317][141]LogModuleManager: Shutting down and abandoning module OculusLibrary (318)
[2018.05.09-17.49.46:317][141]LogModuleManager: Shutting down and abandoning module OculusInput (316)
[2018.05.09-17.49.46:317][141]LogModuleManager: Shutting down and abandoning module MobilePatchingUtils (314)
[2018.05.09-17.49.46:317][141]LogModuleManager: Shutting down and abandoning module CustomMeshComponent (312)
[2018.05.09-17.49.46:317][141]LogModuleManager: Shutting down and abandoning module CableComponent (310)
[2018.05.09-17.49.46:317][141]LogModuleManager: Shutting down and abandoning module ArchVisCharacter (308)
[2018.05.09-17.49.46:317][141]LogModuleManager: Shutting down and abandoning module AndroidPermission (306)
[2018.05.09-17.49.46:317][141]LogModuleManager: Shutting down and abandoning module MediaPlayerEditor (302)
[2018.05.09-17.49.46:317][141]LogModuleManager: Shutting down and abandoning module HTML5Networking (300)
[2018.05.09-17.49.46:317][141]LogModuleManager: Shutting down and abandoning module AlembicImporter (298)
[2018.05.09-17.49.46:317][141]LogModuleManager: Shutting down and abandoning module AlembicLibrary (297)
[2018.05.09-17.49.46:317][141]LogModuleManager: Shutting down and abandoning module GeometryCache (296)
[2018.05.09-17.49.46:317][141]LogModuleManager: Shutting down and abandoning module GeometryCacheEd (295)
[2018.05.09-17.49.46:317][141]LogModuleManager: Shutting down and abandoning module SuperSearchEditor (290)
[2018.05.09-17.49.46:317][141]LogModuleManager: Shutting down and abandoning module SuperSearch (289)
[2018.05.09-17.49.46:317][141]LogModuleManager: Shutting down and abandoning module SpeedTreeImporter (286)
[2018.05.09-17.49.46:317][141]LogModuleManager: Shutting down and abandoning module PluginBrowser (284)
[2018.05.09-17.49.46:317][141]LogModuleManager: Shutting down and abandoning module MobileLauncherProfileWizard (282)
[2018.05.09-17.49.46:317][141]LogModuleManager: Shutting down and abandoning module VisualStudioSourceCodeAccess (280)
[2018.05.09-17.49.46:317][141]LogModuleManager: Shutting down and abandoning module DesktopPlatform (279)
[2018.05.09-17.49.46:317][141]LogModuleManager: Shutting down and abandoning module UObjectPlugin (276)
[2018.05.09-17.49.46:317][141]LogModuleManager: Shutting down and abandoning module SubversionSourceControl (274)
[2018.05.09-17.49.46:317][141]LogModuleManager: Shutting down and abandoning module PerforceSourceControl (272)
[2018.05.09-17.49.46:317][141]LogModuleManager: Shutting down and abandoning module GitSourceControl (270)
[2018.05.09-17.49.46:317][141]LogModuleManager: Shutting down and abandoning module SourceControl (269)
[2018.05.09-17.49.46:317][141]LogModuleManager: Shutting down and abandoning module LightPropagationVolumeEditor (266)
[2018.05.09-17.49.46:317][141]LogModuleManager: Shutting down and abandoning module PaperTiledImporter (264)
[2018.05.09-17.49.46:317][141]LogModuleManager: Shutting down and abandoning module PaperSpriteSheetImporter (262)
[2018.05.09-17.49.46:317][141]LogModuleManager: Shutting down and abandoning module Paper2DEditor (260)
[2018.05.09-17.49.46:317][141]LogModuleManager: Shutting down and abandoning module MeshPaint (259)
[2018.05.09-17.49.46:317][141]LogModuleManager: Shutting down and abandoning module LevelEditor (257)
[2018.05.09-17.49.46:318][141]LogModuleManager: Shutting down and abandoning module PixelInspectorModule (256)
[2018.05.09-17.49.46:318][141]LogModuleManager: Shutting down and abandoning module MainFrame (254)
[2018.05.09-17.49.46:318][141]LogModuleManager: Shutting down and abandoning module HotReload (253)
[2018.05.09-17.49.46:318][141]LogDirectoryWatcher: A directory notification for 'C:/Users/sound/Documents/Unreal Projects/Project16/Binaries/Win64' was aborted.
[2018.05.09-17.49.46:318][141]LogModuleManager: Shutting down and abandoning module Project16 (248)
[2018.05.09-17.49.46:318][141]LogModuleManager: Shutting down and abandoning module PhysXVehiclesEditor (246)
[2018.05.09-17.49.46:318][141]LogModuleManager: Shutting down and abandoning module PhysXVehicles (244)
[2018.05.09-17.49.46:318][141]LogModuleManager: Shutting down and abandoning module LocationServicesBPLibrary (242)
[2018.05.09-17.49.46:318][141]LogModuleManager: Shutting down and abandoning module ImmediatePhysicsEditor (240)
[2018.05.09-17.49.46:318][141]LogModuleManager: Shutting down and abandoning module ImmediatePhysics (238)
[2018.05.09-17.49.46:318][141]LogModuleManager: Shutting down and abandoning module UdpMessaging (236)
[2018.05.09-17.49.46:420][141]LogModuleManager: Shutting down and abandoning module TcpMessaging (234)
[2018.05.09-17.49.46:520][141]LogModuleManager: Shutting down and abandoning module GameplayTagsEditor (232)
[2018.05.09-17.49.46:520][141]LogModuleManager: Shutting down and abandoning module FacialAnimationEditor (230)
[2018.05.09-17.49.46:520][141]LogModuleManager: Shutting down and abandoning module FacialAnimation (228)
[2018.05.09-17.49.46:520][141]LogModuleManager: Shutting down and abandoning module AssetManagerEditor (226)
[2018.05.09-17.49.46:520][141]LogModuleManager: Shutting down and abandoning module GraphEditor (225)
[2018.05.09-17.49.46:520][141]LogModuleManager: Shutting down and abandoning module ContentBrowser (223)
[2018.05.09-17.49.46:520][141]LogModuleManager: Shutting down and abandoning module LightPropagationVolumeRuntime (220)
[2018.05.09-17.49.46:520][141]LogModuleManager: Shutting down and abandoning module Paper2D (218)
[2018.05.09-17.49.46:520][141]LogModuleManager: Shutting down and abandoning module WindowsMoviePlayer (216)
[2018.05.09-17.49.46:520][141]LogModuleManager: Shutting down and abandoning module WmfMedia (214)
[2018.05.09-17.49.46:522][141]LogModuleManager: Shutting down and abandoning module ClothingSystemEditor (212)
[2018.05.09-17.49.46:522][141]LogModuleManager: Shutting down and abandoning module ClothingSystemRuntime (210)
[2018.05.09-17.49.46:522][141]LogModuleManager: Shutting down and abandoning module MediaAssets (208)
[2018.05.09-17.49.46:522][141]LogModuleManager: Shutting down and abandoning module GameLiveStreaming (206)
[2018.05.09-17.49.46:522][141]LogModuleManager: Shutting down and abandoning module VREditor (204)
[2018.05.09-17.49.46:522][141]LogModuleManager: Shutting down and abandoning module StringTableEditor (202)
[2018.05.09-17.49.46:522][141]LogModuleManager: Shutting down and abandoning module GameplayTasksEditor (200)
[2018.05.09-17.49.46:522][141]LogModuleManager: Shutting down and abandoning module BehaviorTreeEditor (198)
[2018.05.09-17.49.46:522][141]LogModuleManager: Shutting down and abandoning module FunctionalTesting (196)
[2018.05.09-17.49.46:522][141]LogModuleManager: Shutting down and abandoning module CollisionAnalyzer (194)
[2018.05.09-17.49.46:522][141]LogModuleManager: Shutting down and abandoning module UMG (192)
[2018.05.09-17.49.46:522][141]LogModuleManager: Shutting down and abandoning module UMGEditor (191)
[2018.05.09-17.49.46:522][141]LogModuleManager: Shutting down and abandoning module Sequencer (190)
[2018.05.09-17.49.46:522][141]LogModuleManager: Shutting down and abandoning module AssetTools (188)
[2018.05.09-17.49.46:522][141]LogModuleManager: Shutting down and abandoning module MessageLog (187)
[2018.05.09-17.49.46:522][141]LogModuleManager: Shutting down and abandoning module WorkspaceMenuStructure (186)
[2018.05.09-17.49.46:522][141]LogModuleManager: Shutting down and abandoning module SlateReflector (180)
[2018.05.09-17.49.46:522][141]LogModuleManager: Shutting down and abandoning module Slate (178)
[2018.05.09-17.49.46:522][141]LogModuleManager: Shutting down and abandoning module EditorStyle (176)
[2018.05.09-17.49.46:523][141]LogModuleManager: Shutting down and abandoning module SourceCodeAccess (174)
[2018.05.09-17.49.46:523][141]LogModuleManager: Shutting down and abandoning module HeadMountedDisplay (172)
[2018.05.09-17.49.46:523][141]LogModuleManager: Shutting down and abandoning module XAudio2 (170)
[2018.05.09-17.49.46:523][141]LogModuleManager: Shutting down and abandoning module Networking (168)
[2018.05.09-17.49.46:523][141]LogModuleManager: Shutting down and abandoning module Core (164)
[2018.05.09-17.49.46:523][141]LogModuleManager: Shutting down and abandoning module AssetRegistry (162)
[2018.05.09-17.49.46:672][141]LogDirectoryWatcher: A directory notification for '../../../Engine/Content/' was aborted.
[2018.05.09-17.49.46:672][141]LogDirectoryWatcher: A directory notification for '../../../../../../Users/sound/Documents/Unreal Projects/Project16/Content/' was aborted.
[2018.05.09-17.49.46:672][141]LogDirectoryWatcher: A directory notification for '../../../Engine/Plugins/2D/Paper2D/Content/' was aborted.
[2018.05.09-17.49.46:672][141]LogDirectoryWatcher: A directory notification for '../../../Engine/Plugins/Runtime/GearVR/Content/' was aborted.
[2018.05.09-17.49.46:674][141]LogModuleManager: Shutting down and abandoning module DirectoryWatcher (161)
[2018.05.09-17.49.46:675][141]LogModuleManager: Shutting down and abandoning module KismetCompiler (158)
[2018.05.09-17.49.46:675][141]LogModuleManager: Shutting down and abandoning module LevelSequence (156)
[2018.05.09-17.49.46:675][141]LogModuleManager: Shutting down and abandoning module PhysXFormats (154)
[2018.05.09-17.49.46:675][141]LogModuleManager: Shutting down and abandoning module MeshUtilities (152)
[2018.05.09-17.49.46:675][141]LogModuleManager: Shutting down and abandoning module SimplygonSwarm (151)
[2018.05.09-17.49.46:675][141]LogModuleManager: Shutting down and abandoning module SimplygonMeshReduction (149)
[2018.05.09-17.49.46:675][141]LogModuleManager: Shutting down and abandoning module QuadricMeshReduction (147)
[2018.05.09-17.49.46:675][141]LogModuleManager: Shutting down and abandoning module DerivedDataCache (144)
[2018.05.09-17.49.46:755][141]LogDerivedDataCache: Shutdown
[2018.05.09-17.49.46:755][141]LogModuleManager: Shutting down and abandoning module TargetPlatform (142)
[2018.05.09-17.49.46:755][141]LogModuleManager: Shutting down and abandoning module VulkanShaderFormat (141)
[2018.05.09-17.49.46:755][141]LogModuleManager: Shutting down and abandoning module ShaderFormatVectorVM (139)
[2018.05.09-17.49.46:755][141]LogModuleManager: Shutting down and abandoning module ShaderFormatOpenGL (137)
[2018.05.09-17.49.46:755][141]LogModuleManager: Shutting down and abandoning module ShaderFormatD3D (135)
[2018.05.09-17.49.46:755][141]LogModuleManager: Shutting down and abandoning module MetalShaderFormat (133)
[2018.05.09-17.49.46:755][141]LogModuleManager: Shutting down and abandoning module TextureFormatUncompressed (131)
[2018.05.09-17.49.46:755][141]LogModuleManager: Shutting down and abandoning module TextureFormatPVR (129)
[2018.05.09-17.49.46:755][141]LogModuleManager: Shutting down and abandoning module TextureFormatDXT (127)
[2018.05.09-17.49.46:755][141]LogModuleManager: Shutting down and abandoning module TextureFormatIntelISPCTexComp (125)
[2018.05.09-17.49.46:755][141]LogModuleManager: Shutting down and abandoning module TextureFormatASTC (123)
[2018.05.09-17.49.46:755][141]LogModuleManager: Shutting down and abandoning module ImageWrapper (122)
[2018.05.09-17.49.46:755][141]LogModuleManager: Shutting down and abandoning module TextureFormatAndroid (119)
[2018.05.09-17.49.46:755][141]LogModuleManager: Shutting down and abandoning module AudioFormatOpus (117)
[2018.05.09-17.49.46:755][141]LogModuleManager: Shutting down and abandoning module AudioFormatOgg (115)
[2018.05.09-17.49.46:755][141]LogModuleManager: Shutting down and abandoning module AudioFormatADPCM (113)
[2018.05.09-17.49.46:755][141]LogModuleManager: Shutting down and abandoning module LinuxTargetPlatform (111)
[2018.05.09-17.49.46:755][141]LogModuleManager: Shutting down and abandoning module LinuxServerTargetPlatform (109)
[2018.05.09-17.49.46:755][141]LogModuleManager: Shutting down and abandoning module LinuxNoEditorTargetPlatform (107)
[2018.05.09-17.49.46:755][141]LogModuleManager: Shutting down and abandoning module LinuxClientTargetPlatform (105)
[2018.05.09-17.49.46:755][141]LogModuleManager: Shutting down and abandoning module TVOSTargetPlatform (103)
[2018.05.09-17.49.46:755][141]LogModuleManager: Shutting down and abandoning module Messaging (101)
[2018.05.09-17.49.46:755][141]LogModuleManager: Shutting down and abandoning module IOSTargetPlatform (99)
[2018.05.09-17.49.46:755][141]LogModuleManager: Shutting down and abandoning module HTML5TargetPlatform (97)
[2018.05.09-17.49.46:755][141]LogModuleManager: Shutting down and abandoning module Android_PVRTCTargetPlatform (95)
[2018.05.09-17.49.46:755][141]LogModuleManager: Shutting down and abandoning module Android_MultiTargetPlatform (93)
[2018.05.09-17.49.46:755][141]LogModuleManager: Shutting down and abandoning module Android_ETC2TargetPlatform (91)
[2018.05.09-17.49.46:755][141]LogModuleManager: Shutting down and abandoning module Android_ETC1TargetPlatform (89)
[2018.05.09-17.49.46:755][141]LogModuleManager: Shutting down and abandoning module Android_DXTTargetPlatform (87)
[2018.05.09-17.49.46:755][141]LogModuleManager: Shutting down and abandoning module Android_ATCTargetPlatform (85)
[2018.05.09-17.49.46:755][141]LogModuleManager: Shutting down and abandoning module Android_ASTCTargetPlatform (83)
[2018.05.09-17.49.46:755][141]LogModuleManager: Shutting down and abandoning module AndroidTargetPlatform (81)
[2018.05.09-17.49.46:755][141]LogModuleManager: Shutting down and abandoning module WindowsTargetPlatform (79)
[2018.05.09-17.49.46:755][141]LogModuleManager: Shutting down and abandoning module WindowsServerTargetPlatform (77)
[2018.05.09-17.49.46:755][141]LogModuleManager: Shutting down and abandoning module WindowsNoEditorTargetPlatform (75)
[2018.05.09-17.49.46:755][141]LogModuleManager: Shutting down and abandoning module WindowsClientTargetPlatform (73)
[2018.05.09-17.49.46:755][141]LogModuleManager: Shutting down and abandoning module MacTargetPlatform (71)
[2018.05.09-17.49.46:755][141]LogModuleManager: Shutting down and abandoning module MacServerTargetPlatform (69)
[2018.05.09-17.49.46:755][141]LogModuleManager: Shutting down and abandoning module MacNoEditorTargetPlatform (67)
[2018.05.09-17.49.46:755][141]LogModuleManager: Shutting down and abandoning module MacClientTargetPlatform (65)
[2018.05.09-17.49.46:755][141]LogModuleManager: Shutting down and abandoning module AllDesktopTargetPlatform (63)
[2018.05.09-17.49.46:755][141]LogModuleManager: Shutting down and abandoning module InputCore (60)
[2018.05.09-17.49.46:755][141]LogModuleManager: Shutting down and abandoning module Settings (58)
[2018.05.09-17.49.46:755][141]LogModuleManager: Shutting down and abandoning module OculusRift (56)
[2018.05.09-17.49.46:755][141]LogModuleManager: Shutting down and abandoning module GearVRController (54)
[2018.05.09-17.49.46:755][141]LogModuleManager: Shutting down and abandoning module GearVR (52)
[2018.05.09-17.49.46:755][141]LogModuleManager: Shutting down and abandoning module ExampleDeviceProfileSelector (50)
[2018.05.09-17.49.46:755][141]LogModuleManager: Shutting down and abandoning module OnlineBlueprintSupport (48)
[2018.05.09-17.49.46:755][141]LogModuleManager: Shutting down and abandoning module OnlineSubsystem (44)
[2018.05.09-17.49.46:755][141]LogOnline:Display: Unloading online subsystem: NULL
[2018.05.09-17.49.46:755][141]LogModuleManager: Shutting down and abandoning module XMPP (43)
[2018.05.09-17.49.46:755][141]LogModuleManager: Shutting down and abandoning module HTTP (41)
[2018.05.09-17.49.46:755][141]LogHttp:Display: Http module shutting down, but needs to wait on 1 outstanding Http requests:
[2018.05.09-17.49.46:755][141]LogHttp:Display: 	verb=[POST] url=[https://datarouter.ol.epicgames.com/datarouter/api/v1/public/data?SessionID=%7B1BD7714B-4D60-4C55-044B-2AB6FCCE17A8%7D&AppID=UEEditor.Rocket.Release&AppVersion=4.16.3-3561208%2B%2B%2BUE4%2BRelease-4.16&UserID=16d86e65475a6c2fca9982b5a4532788%7C11f1c77c912f4949a3bdc91f6f0246a9%7Cc0ae1521-0b68-4fcc-8643-b863d3c136f6&AppEnvironment=datacollector-binary&UploadType=eteventstream] status=Processing
[2018.05.09-17.49.46:789][141]LogModuleManager: Shutting down and abandoning module SSL (40)
[2018.05.09-17.49.46:790][141]LogModuleManager: Shutting down and abandoning module HTTPChunkInstaller (36)
[2018.05.09-17.49.46:790][141]LogModuleManager: Shutting down and abandoning module AnimationModifiers (34)
[2018.05.09-17.49.46:790][141]LogModuleManager: Shutting down and abandoning module PropertyEditor (33)
[2018.05.09-17.49.46:790][141]LogModuleManager: Shutting down and abandoning module AudioEditor (30)
[2018.05.09-17.49.46:790][141]LogModuleManager: Shutting down and abandoning module TextureCompressor (28)
[2018.05.09-17.49.46:790][141]LogModuleManager: Shutting down and abandoning module ShaderCore (26)
[2018.05.09-17.49.46:790][141]LogModuleManager: Shutting down and abandoning module Landscape (24)
[2018.05.09-17.49.46:790][141]LogModuleManager: Shutting down and abandoning module SlateRHIRenderer (22)
[2018.05.09-17.49.46:791][141]LogModuleManager: Shutting down and abandoning module OpenGLDrv (20)
[2018.05.09-17.49.46:791][141]LogModuleManager: Shutting down and abandoning module D3D11RHI (18)
[2018.05.09-17.49.46:791][141]LogModuleManager: Shutting down and abandoning module AnimGraphRuntime (16)
[2018.05.09-17.49.46:791][141]LogModuleManager: Shutting down and abandoning module Renderer (14)
[2018.05.09-17.49.46:791][141]LogModuleManager: Shutting down and abandoning module Engine (12)
[2018.05.09-17.49.46:791][141]LogModuleManager: Shutting down and abandoning module CoreUObject (10)
[2018.05.09-17.49.46:791][141]LogModuleManager: Shutting down and abandoning module NetworkFile (8)
[2018.05.09-17.49.46:791][141]LogModuleManager: Shutting down and abandoning module StreamingFile (6)
[2018.05.09-17.49.46:791][141]LogModuleManager: Shutting down and abandoning module SandboxFile (4)
[2018.05.09-17.49.46:791][141]LogModuleManager: Shutting down and abandoning module PakFile (2)
[2018.05.09-17.49.46:792][141]LogExit: Exiting.
[2018.05.09-17.49.46:801][141]Log file closed, 05/09/18 18:49:46
